MyApplication3/app/build/intermediates/manifest_merge_blame_file/debug/manifest-merger-blame-debug-report.txt
1<?xml version="1.0" encoding="utf-8"?>
2<manifest xmlns:android="http://schemas.android.com/apk/res/android"
3    package="com.example.myapplication"
4    android:versionCode="1"
5    android:versionName="1.0" >
6
7    <uses-sdk
8        android:minSdkVersion="16"
8-->src/main/AndroidManifest.xml
9        android:targetSdkVersion="30" />
9-->src/main/AndroidManifest.xml
10
11    <application
11-->src/main/AndroidManifest.xml:5:5-24:19
12        android:allowBackup="true"
12-->src/main/AndroidManifest.xml:6:9-35
13        android:appComponentFactory="androidx.core.app.CoreComponentFactory"
13-->[androidx.core:core:1.3.1] AndroidManifest.xml:24:18-86
14        android:debuggable="true"
15        android:icon="@mipmap/ic_launcher"
15-->src/main/AndroidManifest.xml:7:9-43
16        android:label="@string/app_name"
16-->src/main/AndroidManifest.xml:8:9-41
17        android:roundIcon="@mipmap/ic_launcher_round"
17-->src/main/AndroidManifest.xml:9:9-54
18        android:supportsRtl="true"
18-->src/main/AndroidManifest.xml:10:9-35
19        android:testOnly="true"
20        android:theme="@style/Theme.MyApplication" >
20-->src/main/AndroidManifest.xml:11:9-51
21        <activity android:name="com.example.myapplication.Settings" />
21-->src/main/AndroidManifest.xml:12:9-55
21-->src/main/AndroidManifest.xml:12:19-43
22        <activity android:name="com.example.myapplication.Graph" />
22-->src/main/AndroidManifest.xml:13:9-43
22-->src/main/AndroidManifest.xml:13:19-40
23        <activity android:name="com.example.myapplication.Calender" />
23-->src/main/AndroidManifest.xml:14:9-46
23-->src/main/AndroidManifest.xml:14:19-43
24        <activity android:name="com.example.myapplication.Add" />
24-->src/main/AndroidManifest.xml:15:9-41
24-->src/main/AndroidManifest.xml:15:19-38
25        <activity android:name="com.example.myapplication.register" />
25-->src/main/AndroidManifest.xml:16:9-46
25-->src/main/AndroidManifest.xml:16:19-43
26        <activity android:name="com.example.myapplication.MainActivity" >
26-->src/main/AndroidManifest.xml:17:9-23:20
26-->src/main/AndroidManifest.xml:17:19-47
27            <intent-filter>
27-->src/main/AndroidManifest.xml:18:13-22:29
28                <action android:name="android.intent.action.MAIN" />
28-->src/main/AndroidManifest.xml:19:17-69
28-->src/main/AndroidManifest.xml:19:25-66
29
30                <category android:name="android.intent.category.LAUNCHER" />
30-->src/main/AndroidManifest.xml:21:17-77
30-->src/main/AndroidManifest.xml:21:27-74
31            </intent-filter>
32        </activity>
33        <activity
33-->[com.google.firebase:firebase-auth:19.2.0] AndroidManifest.xml:24:9-31:50
34            android:name="com.google.firebase.auth.internal.FederatedSignInActivity"
34-->[com.google.firebase:firebase-auth:19.2.0] AndroidManifest.xml:25:13-85
35            android:excludeFromRecents="true"
35-->[com.google.firebase:firebase-auth:19.2.0] AndroidManifest.xml:26:13-46
36            android:exported="true"
36-->[com.google.firebase:firebase-auth:19.2.0] AndroidManifest.xml:27:13-36
37            android:launchMode="singleTask"
37-->[com.google.firebase:firebase-auth:19.2.0] AndroidManifest.xml:28:13-44
38            android:permission="com.google.firebase.auth.api.gms.permission.LAUNCH_FEDERATED_SIGN_IN"
38-->[com.google.firebase:firebase-auth:19.2.0] AndroidManifest.xml:29:13-102
39            android:theme="@android:style/Theme.Translucent.NoTitleBar" />
39-->[com.google.firebase:firebase-auth:19.2.0] AndroidManifest.xml:30:13-72
40
41        <service
41-->[com.google.firebase:firebase-auth:19.2.0] AndroidManifest.xml:33:9-39:19
42            android:name="com.google.firebase.components.ComponentDiscoveryService"
42-->[com.google.firebase:firebase-auth:19.2.0] AndroidManifest.xml:34:13-84
43            android:directBootAware="true"
43-->[com.google.firebase:firebase-common:19.3.0] AndroidManifest.xml:34:13-43
44            android:exported="false" >
44-->[com.google.firebase:firebase-auth:19.2.0] AndroidManifest.xml:35:13-37
45            <meta-data
45-->[com.google.firebase:firebase-auth:19.2.0] AndroidManifest.xml:36:13-38:85
46                android:name="com.google.firebase.components:com.google.firebase.auth.FirebaseAuthRegistrar"
46-->[com.google.firebase:firebase-auth:19.2.0] AndroidManifest.xml:37:17-109
47                android:value="com.google.firebase.components.ComponentRegistrar" />
47-->[com.google.firebase:firebase-auth:19.2.0] AndroidManifest.xml:38:17-82
48        </service>
49
50        <activity
50-->[com.google.android.gms:play-services-base:17.1.0] AndroidManifest.xml:23:9-26:75
51            android:name="com.google.android.gms.common.api.GoogleApiActivity"
51-->[com.google.android.gms:play-services-base:17.1.0] AndroidManifest.xml:24:13-79
52            android:exported="false"
52-->[com.google.android.gms:play-services-base:17.1.0] AndroidManifest.xml:25:13-37
53            android:theme="@android:style/Theme.Translucent.NoTitleBar" />
53-->[com.google.android.gms:play-services-base:17.1.0] AndroidManifest.xml:26:13-72
54
55        <provider
55-->[com.google.firebase:firebase-common:19.3.0] AndroidManifest.xml:26:9-30:39
56            android:name="com.google.firebase.provider.FirebaseInitProvider"
56-->[com.google.firebase:firebase-common:19.3.0] AndroidManifest.xml:27:13-77
57            android:authorities="com.example.myapplication.firebaseinitprovider"
57-->[com.google.firebase:firebase-common:19.3.0] AndroidManifest.xml:28:13-72
58            android:exported="false"
58-->[com.google.firebase:firebase-common:19.3.0] AndroidManifest.xml:29:13-37
59            android:initOrder="100" />
59-->[com.google.firebase:firebase-common:19.3.0] AndroidManifest.xml:30:13-36
60
61        <meta-data
61-->[com.google.android.gms:play-services-basement:17.0.0] AndroidManifest.xml:23:9-25:69
62            android:name="com.google.android.gms.version"
62-->[com.google.android.gms:play-services-basement:17.0.0] AndroidManifest.xml:24:13-58
63            android:value="@integer/google_play_services_version" />
63-->[com.google.android.gms:play-services-basement:17.0.0] AndroidManifest.xml:25:13-66
64    </application>
65
66</manifest>